proguard/usage.txt
android.support.v4.app.RemoteInput
android.support.v4.app.RemoteInput$1
android.support.v4.app.RemoteInput$Builder
android.support.v4.app.RemoteInput$Impl
android.support.v4.app.RemoteInput$ImplApi20
android.support.v4.app.RemoteInput$ImplBase
android.support.v4.app.RemoteInput$ImplJellybean
android.support.v4.app.RemoteInputCompatApi20
android.support.v4.app.RemoteInputCompatBase
android.support.v4.app.RemoteInputCompatBase$RemoteInput
android.support.v4.app.RemoteInputCompatBase$RemoteInput$Factory
android.support.v4.app.RemoteInputCompatJellybean
android.support.v4.app.ServiceCompat
android.support.v4.app.ShareCompat
android.support.v4.app.ShareCompat$IntentBuilder
android.support.v4.app.ShareCompat$IntentReader
android.support.v4.app.ShareCompat$ShareCompatImpl
android.support.v4.app.ShareCompat$ShareCompatImplBase
android.support.v4.app.ShareCompat$ShareCompatImplICS
android.support.v4.app.ShareCompat$ShareCompatImplJB
android.support.v4.app.ShareCompatICS
android.support.v4.app.ShareCompatJB
android.support.v4.app.SharedElementCallback:
    private android.graphics.Matrix mTempMatrix
    private static final java.lang.String BUNDLE_SNAPSHOT_BITMAP
    private static final java.lang.String BUNDLE_SNAPSHOT_IMAGE_SCALETYPE
    private static final java.lang.String BUNDLE_SNAPSHOT_IMAGE_MATRIX
    43:43:public SharedElementCallback()
    114:114:public void onRejectSharedElements(java.util.List)
    149:188:public android.os.Parcelable onCaptureSharedElementSnapshot(android.view.View,android.graphics.Matrix,android.graphics.RectF)
    195:217:private static android.graphics.Bitmap createDrawableBitmap(android.graphics.drawable.Drawable)
    238:261:public android.view.View onCreateSnapshotView(android.content.Context,android.os.Parcelable)
android.support.v4.app.TaskStackBuilder
android.support.v4.app.TaskStackBuilder$SupportParentable
android.support.v4.app.TaskStackBuilder$TaskStackBuilderImpl
android.support.v4.app.TaskStackBuilder$TaskStackBuilderImplBase
android.support.v4.app.TaskStackBuilder$TaskStackBuilderImplHoneycomb
android.support.v4.app.TaskStackBuilder$TaskStackBuilderImplJellybean
android.support.v4.app.TaskStackBuilderHoneycomb
android.support.v4.app.TaskStackBuilderJellybean
android.support.v4.content.AsyncTaskLoader
android.support.v4.content.AsyncTaskLoader$LoadTask
android.support.v4.content.ContextCompat:
    private static final java.lang.String TAG
    private static final java.lang.String DIR_ANDROID
    private static final java.lang.String DIR_DATA
    private static final java.lang.String DIR_OBB
    private static final java.lang.String DIR_FILES
    private static final java.lang.String DIR_CACHE
    36:36:public ContextCompat()
    71:71:public static boolean startActivities(android.content.Context,android.content.Intent[])
    103:111:public static boolean startActivities(android.content.Context,android.content.Intent[],android.os.Bundle)
    158:169:public static java.io.File[] getObbDirs(android.content.Context)
    218:229:public static java.io.File[] getExternalFilesDirs(android.content.Context,java.lang.String)
    278:289:public static java.io.File[] getExternalCacheDirs(android.content.Context)
    294:302:private static varargs java.io.File buildPath(java.io.File,java.lang.String[])
    342:347:public final java.io.File getNoBackupFilesDir(android.content.Context)
    367:372:public final java.io.File getCodeCacheDir(android.content.Context)
    377:387:private static synchronized java.io.File createFilesDir(java.io.File)
android.support.v4.content.ContextCompatApi21:
    24:24:ContextCompatApi21()
    30:30:public static java.io.File getNoBackupFilesDir(android.content.Context)
    34:34:public static java.io.File getCodeCacheDir(android.content.Context)
android.support.v4.content.ContextCompatFroyo
android.support.v4.content.ContextCompatHoneycomb
android.support.v4.content.ContextCompatJellybean